<?xml version="1.0" encoding="UTF-8"?>
<testsuite name="qa.learning.WildBerriesTest" tests="8" skipped="0" failures="0" errors="0" timestamp="2022-06-12T12:39:16" hostname="MacBook-Pro-Anna.local" time="21.156">
  <properties/>
  <testcase name="[1] SMARTPHONE" classname="qa.learning.WildBerriesTest" time="9.831"/>
  <testcase name="[2] IPHONE" classname="qa.learning.WildBerriesTest" time="0.995"/>
  <testcase name="При поиске на wildberries по запросу футболка женская отображается футболка женская" classname="qa.learning.WildBerriesTest" time="0.859"/>
  <testcase name="При поиске на wildberries по запросу футболка мужская отображается футболка мужская" classname="qa.learning.WildBerriesTest" time="1.095"/>
  <testcase name="При поиске на wildberries по запросу футболка женская отображается [По запросу «футболка женская» найдено]" classname="qa.learning.WildBerriesTest" time="1.115"/>
  <testcase name="При поиске на wildberries по запросу футболка мужская отображается [По запросу «футболка мужская» найдено]" classname="qa.learning.WildBerriesTest" time="4.191"/>
  <testcase name="При поиске на wildberries по запросу футболка женская отображается футболка женская" classname="qa.learning.WildBerriesTest" time="1.074"/>
  <testcase name="При поиске на wildberries по запросу футболка мужская отображается футболка мужская" classname="qa.learning.WildBerriesTest" time="1.963"/>
  <system-out><![CDATA[]]></system-out>
  <system-err><![CDATA[SLF4J: Failed to load class "org.slf4j.impl.StaticLoggerBinder".
SLF4J: Defaulting to no-operation (NOP) logger implementation
SLF4J: See http://www.slf4j.org/codes.html#StaticLoggerBinder for further details.
Starting ChromeDriver 102.0.5005.61 (0e59bcc00cc4985ce39ad31c150065f159d95ad3-refs/branch-heads/5005@{#819}) on port 62437
Only local connections are allowed.
Please see https://chromedriver.chromium.org/security-considerations for suggestions on keeping ChromeDriver safe.
ChromeDriver was started successfully.
Jun 12, 2022 3:39:18 PM org.openqa.selenium.remote.ProtocolHandshake createSession
INFO: Detected dialect: W3C
Jun 12, 2022 3:39:18 PM org.openqa.selenium.devtools.CdpVersionFinder findNearestMatch
WARNING: Unable to find an exact match for CDP version 102, so returning the closest version found: 101
Jun 12, 2022 3:39:18 PM org.openqa.selenium.devtools.CdpVersionFinder findNearestMatch
INFO: Found CDP implementation for version 102 of 101
]]></system-err>
</testsuite>
